# JRE version: Java(TM) SE Runtime Environment (21.0.6+8) (build 21.0.6+8-LTS-188)
# Java VM: Java HotSpot(TM) 64-Bit Server VM (21.0.6+8-LTS-188, mixed mode, sharing, tiered, compressed oops, compressed class ptrs, g1 gc, windows-amd64)
GC Precious Log:
 CardTable entry size: 512
 Card Set container configuration: InlinePtr #cards 5 size 8 Array Of Cards #cards 12 size 40 Howl #buckets 4 coarsen threshold 1843 Howl Bitmap #cards 512 size 80 coarsen threshold 460 Card regions per heap region 1 cards per card region 2048
 CPUs: 4 total, 4 available
 Memory: 3895M
 Large Page Support: Disabled
 NUMA Support: Disabled
 Compressed Oops: Enabled (32-bit)
 Heap Region Size: 1M
 Heap Min Capacity: 8M
 Heap Initial Capacity: 62M
 Heap Max Capacity: 974M
 Pre-touch: Disabled
 Parallel Workers: 4
 Concurrent Workers: 1
 Concurrent Refinement Workers: 4
 Periodic GC: Disabled
Heap:
 garbage-first heap   total 77824K, used 62991K [0x00000000c3200000, 0x0000000100000000)
  region size 1024K, 3 young (3072K), 2 survivors (2048K)
 Metaspace       used 21272K, committed 21504K, reserved 1114112K
  class space    used 2667K, committed 2752K, reserved 1048576K
GC Heap History (10 events):
Event: 1.534 GC heap before
{Heap before GC invocations=0 (full 0):
 garbage-first heap   total 63488K, used 13312K [0x00000000c3200000, 0x0000000100000000)
  region size 1024K, 13 young (13312K), 0 survivors (0K)
 Metaspace       used 3762K, committed 3968K, reserved 1114112K
  class space    used 424K, committed 512K, reserved 1048576K
}
Event: 1.541 GC heap after
{Heap after GC invocations=1 (full 0):
 garbage-first heap   total 63488K, used 4992K [0x00000000c3200000, 0x0000000100000000)
  region size 1024K, 2 young (2048K), 2 survivors (2048K)
 Metaspace       used 3762K, committed 3968K, reserved 1114112K
  class space    used 424K, committed 512K, reserved 1048576K
}
Event: 2.093 GC heap before
{Heap before GC invocations=1 (full 0):
 garbage-first heap   total 63488K, used 18304K [0x00000000c3200000, 0x0000000100000000)
  region size 1024K, 15 young (15360K), 2 survivors (2048K)
 Metaspace       used 7561K, committed 7744K, reserved 1114112K
  class space    used 948K, committed 1024K, reserved 1048576K
}
Event: 2.099 GC heap after
{Heap after GC invocations=2 (full 0):
 garbage-first heap   total 63488K, used 6733K [0x00000000c3200000, 0x0000000100000000)
  region size 1024K, 2 young (2048K), 2 survivors (2048K)
 Metaspace       used 7561K, committed 7744K, reserved 1114112K
  class space    used 948K, committed 1024K, reserved 1048576K
}
Event: 3.107 GC heap before
{Heap before GC invocations=2 (full 0):
 garbage-first heap   total 63488K, used 34381K [0x00000000c3200000, 0x0000000100000000)
  region size 1024K, 30 young (30720K), 2 survivors (2048K)
 Metaspace       used 17870K, committed 18112K, reserved 1114112K
  class space    used 2195K, committed 2304K, reserved 1048576K
}
Event: 3.112 GC heap after
{Heap after GC invocations=3 (full 0):
 garbage-first heap   total 63488K, used 9025K [0x00000000c3200000, 0x0000000100000000)
  region size 1024K, 4 young (4096K), 4 survivors (4096K)
 Metaspace       used 17870K, committed 18112K, reserved 1114112K
  class space    used 2195K, committed 2304K, reserved 1048576K
}
Event: 7.552 GC heap before
{Heap before GC invocations=3 (full 0):
 garbage-first heap   total 63488K, used 39745K [0x00000000c3200000, 0x0000000100000000)
  region size 1024K, 18 young (18432K), 4 survivors (4096K)
 Metaspace       used 21151K, committed 21440K, reserved 1114112K
  class space    used 2651K, committed 2752K, reserved 1048576K
}
Event: 7.563 GC heap after
{Heap after GC invocations=4 (full 0):
 garbage-first heap   total 63488K, used 28112K [0x00000000c3200000, 0x0000000100000000)
  region size 1024K, 2 young (2048K), 2 survivors (2048K)
 Metaspace       used 21151K, committed 21440K, reserved 1114112K
  class space    used 2651K, committed 2752K, reserved 1048576K
}
Event: 8.189 GC heap before
{Heap before GC invocations=4 (full 0):
 garbage-first heap   total 63488K, used 47568K [0x00000000c3200000, 0x0000000100000000)
  region size 1024K, 5 young (5120K), 2 survivors (2048K)
 Metaspace       used 21272K, committed 21504K, reserved 1114112K
  class space    used 2667K, committed 2752K, reserved 1048576K
}
Event: 8.191 GC heap after
{Heap after GC invocations=5 (full 0):
 garbage-first heap   total 63488K, used 45583K [0x00000000c3200000, 0x0000000100000000)
  region size 1024K, 2 young (2048K), 2 survivors (2048K)
 Metaspace       used 21272K, committed 21504K, reserved 1114112K
  class space    used 2667K, committed 2752K, reserved 1048576K
}

